#
# There is insufficient memory for the Java Runtime Environment to continue.
# Native memory allocation (malloc) failed to allocate 2456176 bytes for Chunk::new
# Possible reasons:
#   The system is out of physical RAM or swap space
#   In 32 bit mode, the process size limit was hit
# Possible solutions:
#   Reduce memory load on the system
#   Increase physical memory or swap space
#   Check if swap backing store is full
#   Use 64 bit Java on a 64 bit OS
#   Decrease Java heap size (-Xmx/-Xms)
#   Decrease number of Java threads
#   Decrease Java thread stack sizes (-Xss)
#   Set larger code cache with -XX:ReservedCodeCacheSize=
# This output file may be truncated or incomplete.
#
#  Out of Memory Error (allocation.cpp:390), pid=15640, tid=0x00000000000017e4
#
# JRE version: Java(TM) SE Runtime Environment (8.0_191-b12) (build 1.8.0_191-b12)
# Java VM: Java HotSpot(TM) 64-Bit Server VM (25.191-b12 mixed mode windows-amd64 compressed oops)
# Failed to write core dump. Minidumps are not enabled by default on client versions of Windows
#

---------------  T H R E A D  ---------------

Current thread (0x00000000176c8000):  JavaThread "C2 CompilerThread0" daemon [_thread_in_native, id=6116, stack(0x0000000018d10000,0x0000000018e10000)]

Stack: [0x0000000018d10000,0x0000000018e10000]
[error occurred during error reporting (printing stack bounds), id 0xc0000005]

Native frames: (J=compiled Java code, j=interpreted, Vv=VM code, C=native code)


Current CompileTask:
C2:   6610 3539   !   4       java.net.URLClassLoader$1::run (63 bytes)


---------------  P R O C E S S  ---------------

Java Threads: ( => current thread )
  0x000000001acd3800 JavaThread "HikariPool-1 connection adder" daemon [_thread_in_native, id=2664, stack(0x00000000210c0000,0x00000000211c0000)]
  0x000000001acd1800 JavaThread "HikariPool-1 housekeeper" daemon [_thread_blocked, id=7992, stack(0x000000001fdd0000,0x000000001fed0000)]
  0x000000001accf800 JavaThread "InterruptTimer" daemon [_thread_blocked, id=6724, stack(0x000000001fad0000,0x000000001fbd0000)]
  0x000000001acd0800 JavaThread "oracle.jdbc.driver.BlockSource.ThreadedCachingBlockSource.BlockReleaser" daemon [_thread_blocked, id=4100, stack(0x000000001f9d0000,0x000000001fad0000)]
  0x000000001acd2000 JavaThread "Timer-0" daemon [_thread_blocked, id=18364, stack(0x000000001f8d0000,0x000000001f9d0000)]
  0x0000000019722000 JavaThread "ReaderThread" [_thread_in_native, id=13432, stack(0x0000000019e10000,0x0000000019f10000)]
  0x0000000019040800 JavaThread "Service Thread" daemon [_thread_blocked, id=17940, stack(0x0000000019410000,0x0000000019510000)]
  0x00000000176d3000 JavaThread "C1 CompilerThread2" daemon [_thread_blocked, id=18216, stack(0x0000000018f10000,0x0000000019010000)]
  0x00000000176d0000 JavaThread "C2 CompilerThread1" daemon [_thread_in_native, id=12464, stack(0x0000000018e10000,0x0000000018f10000)]
=>0x00000000176c8000 JavaThread "C2 CompilerThread0" daemon [_thread_in_native, id=6116, stack(0x0000000018d10000,0x0000000018e10000)]
  0x00000000176c6800 JavaThread "Attach Listener" daemon [_thread_blocked, id=18256, stack(0x0000000018c10000,0x0000000018d10000)]
  0x00000000176c3800 JavaThread "Signal Dispatcher" daemon [_thread_blocked, id=11300, stack(0x0000000018b10000,0x0000000018c10000)]
  0x00000000176aa800 JavaThread "Finalizer" daemon [_thread_blocked, id=17520, stack(0x0000000018910000,0x0000000018a10000)]
  0x0000000002b44000 JavaThread "Reference Handler" daemon [_thread_blocked, id=11592, stack(0x0000000018810000,0x0000000018910000)]
  0x0000000002a55800 JavaThread "main" [_thread_in_vm, id=11120, stack(0x0000000002950000,0x0000000002a50000)]

Other Threads:
  0x0000000017688000 VMThread [stack: 0x0000000018710000,0x0000000018810000] [id=16608]
  0x000000001771c800 WatcherThread [stack: 0x0000000019510000,0x0000000019610000] [id=6860]

VM state:not at safepoint (normal execution)

VM Mutex/Monitor currently owned by a thread: None

Heap:
 PSYoungGen      total 137728K, used 91736K [0x00000000d5c00000, 0x00000000e0d80000, 0x0000000100000000)
  eden space 129024K, 71% used [0x00000000d5c00000,0x00000000db5963d0,0x00000000dda00000)
  from space 8704K, 0% used [0x00000000dda00000,0x00000000dda00000,0x00000000de280000)
  to   space 12288K, 0% used [0x00000000e0180000,0x00000000e0180000,0x00000000e0d80000)
 ParOldGen       total 55296K, used 12022K [0x0000000081400000, 0x0000000084a00000, 0x00000000d5c00000)
  object space 55296K, 21% used [0x0000000081400000,0x0000000081fbdae8,0x0000000084a00000)
 Metaspace       used 48023K, capacity 49234K, committed 49576K, reserved 1091584K
  class space    used 6687K, capacity 6930K, committed 6960K, reserved 1048576K

Card table byte_map: [0x0000000011f10000,0x0000000012310000] byte_map_base: 0x0000000011b06000

Marking Bits: (ParMarkBitMap*) 0x00000000658a3e30
 Begin Bits: [0x00000000129c0000, 0x0000000014970000)
 End Bits:   [0x0000000014970000, 0x0000000016920000)

Polling page: 0x0000000000f80000

CodeCache: size=245760Kb used=12632Kb max_used=12632Kb free=233127Kb
 bounds [0x0000000002b50000, 0x00000000037b0000, 0x0000000011b50000]
 total_blobs=4318 nmethods=3760 adapters=468
 compilation: enabled

Compilation events (10 events):
Event: 6.500 Thread 0x00000000176d3000 3734       3       net.bytebuddy.description.type.TypeDescription$Generic$LazyProjection$WithEagerNavigation::<init> (5 bytes)
Event: 6.500 Thread 0x00000000176d3000 nmethod 3734 0x0000000003786a10 code [0x0000000003786b80, 0x0000000003786e50]
Event: 6.501 Thread 0x00000000176d3000 3735       1       net.bytebuddy.description.method.MethodDescription$ForLoadedMethod::isConstructor (2 bytes)
Event: 6.501 Thread 0x00000000176d3000 nmethod 3735 0x0000000003786fd0 code [0x0000000003787120, 0x0000000003787230]
Event: 6.501 Thread 0x00000000176d3000 3737       3       net.bytebuddy.description.type.TypeDescription$Generic$LazyProjection$WithEagerNavigation$OfAnnotatedElement::<init> (5 bytes)
Event: 6.501 Thread 0x00000000176d3000 nmethod 3737 0x0000000003787290 code [0x0000000003787400, 0x0000000003787730]
Event: 6.501 Thread 0x00000000176d3000 3738       3       net.bytebuddy.description.ModifierReviewable$AbstractBase::matchesMask (16 bytes)
Event: 6.501 Thread 0x00000000176d3000 nmethod 3738 0x00000000037878d0 code [0x0000000003787a40, 0x0000000003787ca8]
Event: 6.501 Thread 0x00000000176d3000 3736       1       net.bytebuddy.description.method.MethodDescription$ForLoadedMethod::isTypeInitializer (2 bytes)
Event: 6.502 Thread 0x00000000176d3000 nmethod 3736 0x0000000003787d50 code [0x0000000003787ea0, 0x0000000003787fb0]

GC Heap History (10 events):
Event: 4.946 GC heap before
{Heap before GC invocations=9 (full 2):
 PSYoungGen      total 137728K, used 8687K [0x00000000d5c00000, 0x00000000e1800000, 0x0000000100000000)
  eden space 129024K, 0% used [0x00000000d5c00000,0x00000000d5c00000,0x00000000dda00000)
  from space 8704K, 99% used [0x00000000dda00000,0x00000000de27bf18,0x00000000de280000)
  to   space 11264K, 0% used [0x00000000e0d00000,0x00000000e0d00000,0x00000000e1800000)
 ParOldGen       total 55296K, used 10462K [0x0000000081400000, 0x0000000084a00000, 0x00000000d5c00000)
  object space 55296K, 18% used [0x0000000081400000,0x0000000081e37b68,0x0000000084a00000)
 Metaspace       used 34282K, capacity 35326K, committed 35496K, reserved 1081344K
  class space    used 4378K, capacity 4606K, committed 4656K, reserved 1048576K
Event: 5.010 GC heap after
Heap after GC invocations=9 (full 2):
 PSYoungGen      total 137728K, used 0K [0x00000000d5c00000, 0x00000000e1800000, 0x0000000100000000)
  eden space 129024K, 0% used [0x00000000d5c00000,0x00000000d5c00000,0x00000000dda00000)
  from space 8704K, 0% used [0x00000000dda00000,0x00000000dda00000,0x00000000de280000)
  to   space 11264K, 0% used [0x00000000e0d00000,0x00000000e0d00000,0x00000000e1800000)
 ParOldGen       total 55296K, used 16825K [0x0000000081400000, 0x0000000084a00000, 0x00000000d5c00000)
  object space 55296K, 30% used [0x0000000081400000,0x000000008246e7d0,0x0000000084a00000)
 Metaspace       used 34282K, capacity 35326K, committed 35496K, reserved 1081344K
  class space    used 4378K, capacity 4606K, committed 4656K, reserved 1048576K
}
Event: 5.195 GC heap before
{Heap before GC invocations=10 (full 2):
 PSYoungGen      total 137728K, used 17254K [0x00000000d5c00000, 0x00000000e1800000, 0x0000000100000000)
  eden space 129024K, 13% used [0x00000000d5c00000,0x00000000d6cd9960,0x00000000dda00000)
  from space 8704K, 0% used [0x00000000dda00000,0x00000000dda00000,0x00000000de280000)
  to   space 11264K, 0% used [0x00000000e0d00000,0x00000000e0d00000,0x00000000e1800000)
 ParOldGen       total 55296K, used 16825K [0x0000000081400000, 0x0000000084a00000, 0x00000000d5c00000)
  object space 55296K, 30% used [0x0000000081400000,0x000000008246e7d0,0x0000000084a00000)
 Metaspace       used 36445K, capacity 37482K, committed 37672K, reserved 1085440K
  class space    used 4728K, capacity 4960K, committed 5040K, reserved 1048576K
Event: 5.200 GC heap after
Heap after GC invocations=10 (full 2):
 PSYoungGen      total 140288K, used 2264K [0x00000000d5c00000, 0x00000000e1800000, 0x0000000100000000)
  eden space 129024K, 0% used [0x00000000d5c00000,0x00000000d5c00000,0x00000000dda00000)
  from space 11264K, 20% used [0x00000000e0d00000,0x00000000e0f363a8,0x00000000e1800000)
  to   space 8704K, 0% used [0x00000000dda00000,0x00000000dda00000,0x00000000de280000)
 ParOldGen       total 55296K, used 16833K [0x0000000081400000, 0x0000000084a00000, 0x00000000d5c00000)
  object space 55296K, 30% used [0x0000000081400000,0x00000000824707d0,0x0000000084a00000)
 Metaspace       used 36445K, capacity 37482K, committed 37672K, reserved 1085440K
  class space    used 4728K, capacity 4960K, committed 5040K, reserved 1048576K
}
Event: 5.200 GC heap before
{Heap before GC invocations=11 (full 3):
 PSYoungGen      total 140288K, used 2264K [0x00000000d5c00000, 0x00000000e1800000, 0x0000000100000000)
  eden space 129024K, 0% used [0x00000000d5c00000,0x00000000d5c00000,0x00000000dda00000)
  from space 11264K, 20% used [0x00000000e0d00000,0x00000000e0f363a8,0x00000000e1800000)
  to   space 8704K, 0% used [0x00000000dda00000,0x00000000dda00000,0x00000000de280000)
 ParOldGen       total 55296K, used 16833K [0x0000000081400000, 0x0000000084a00000, 0x00000000d5c00000)
  object space 55296K, 30% used [0x0000000081400000,0x00000000824707d0,0x0000000084a00000)
 Metaspace       used 36445K, capacity 37482K, committed 37672K, reserved 1085440K
  class space    used 4728K, capacity 4960K, committed 5040K, reserved 1048576K
Event: 5.263 GC heap after
Heap after GC invocations=11 (full 3):
 PSYoungGen      total 140288K, used 0K [0x00000000d5c00000, 0x00000000e1800000, 0x0000000100000000)
  eden space 129024K, 0% used [0x00000000d5c00000,0x00000000d5c00000,0x00000000dda00000)
  from space 11264K, 0% used [0x00000000e0d00000,0x00000000e0d00000,0x00000000e1800000)
  to   space 8704K, 0% used [0x00000000dda00000,0x00000000dda00000,0x00000000de280000)
 ParOldGen       total 55296K, used 13603K [0x0000000081400000, 0x0000000084a00000, 0x00000000d5c00000)
  object space 55296K, 24% used [0x0000000081400000,0x0000000082148d90,0x0000000084a00000)
 Metaspace       used 36445K, capacity 37482K, committed 37672K, reserved 1083392K
  class space    used 4728K, capacity 4960K, committed 5040K, reserved 1048576K
}
Event: 5.263 GC heap before
{Heap before GC invocations=12 (full 3):
 PSYoungGen      total 140288K, used 1976K [0x00000000d5c00000, 0x00000000e1800000, 0x0000000100000000)
  eden space 129024K, 1% used [0x00000000d5c00000,0x00000000d5dee2d0,0x00000000dda00000)
  from space 11264K, 0% used [0x00000000e0d00000,0x00000000e0d00000,0x00000000e1800000)
  to   space 8704K, 0% used [0x00000000dda00000,0x00000000dda00000,0x00000000de280000)
 ParOldGen       total 55296K, used 13603K [0x0000000081400000, 0x0000000084a00000, 0x00000000d5c00000)
  object space 55296K, 24% used [0x0000000081400000,0x0000000082148d90,0x0000000084a00000)
 Metaspace       used 36445K, capacity 37482K, committed 37672K, reserved 1087488K
  class space    used 4728K, capacity 4960K, committed 5040K, reserved 1048576K
Event: 5.265 GC heap after
Heap after GC invocations=12 (full 3):
 PSYoungGen      total 137728K, used 128K [0x00000000d5c00000, 0x00000000e0d80000, 0x0000000100000000)
  eden space 129024K, 0% used [0x00000000d5c00000,0x00000000d5c00000,0x00000000dda00000)
  from space 8704K, 1% used [0x00000000dda00000,0x00000000dda20000,0x00000000de280000)
  to   space 12288K, 0% used [0x00000000e0180000,0x00000000e0180000,0x00000000e0d80000)
 ParOldGen       total 55296K, used 13603K [0x0000000081400000, 0x0000000084a00000, 0x00000000d5c00000)
  object space 55296K, 24% used [0x0000000081400000,0x0000000082148d90,0x0000000084a00000)
 Metaspace       used 36445K, capacity 37482K, committed 37672K, reserved 1087488K
  class space    used 4728K, capacity 4960K, committed 5040K, reserved 1048576K
}
Event: 5.265 GC heap before
{Heap before GC invocations=13 (full 4):
 PSYoungGen      total 137728K, used 128K [0x00000000d5c00000, 0x00000000e0d80000, 0x0000000100000000)
  eden space 129024K, 0% used [0x00000000d5c00000,0x00000000d5c00000,0x00000000dda00000)
  from space 8704K, 1% used [0x00000000dda00000,0x00000000dda20000,0x00000000de280000)
  to   space 12288K, 0% used [0x00000000e0180000,0x00000000e0180000,0x00000000e0d80000)
 ParOldGen       total 55296K, used 13603K [0x0000000081400000, 0x0000000084a00000, 0x00000000d5c00000)
  object space 55296K, 24% used [0x0000000081400000,0x0000000082148d90,0x0000000084a00000)
 Metaspace       used 36445K, capacity 37482K, committed 37672K, reserved 1087488K
  class space    used 4728K, capacity 4960K, committed 5040K, reserved 1048576K
Event: 5.298 GC heap after
Heap after GC invocations=13 (full 4):
 PSYoungGen      total 137728K, used 0K [0x00000000d5c00000, 0x00000000e0d80000, 0x0000000100000000)
  eden space 129024K, 0% used [0x00000000d5c00000,0x00000000d5c00000,0x00000000dda00000)
  from space 8704K, 0% used [0x00000000dda00000,0x00000000dda00000,0x00000000de280000)
  to   space 12288K, 0% used [0x00000000e0180000,0x00000000e0180000,0x00000000e0d80000)
 ParOldGen       total 55296K, used 12022K [0x0000000081400000, 0x0000000084a00000, 0x00000000d5c00000)
  object space 55296K, 21% used [0x0000000081400000,0x0000000081fbdae8,0x0000000084a00000)
 Metaspace       used 36445K, capacity 37482K, committed 37672K, reserved 1083392K
  class space    used 4728K, capacity 4960K, committed 5040K, reserved 1048576K
}

Deoptimization events (10 events):
Event: 4.803 Thread 0x0000000002a55800 Uncommon trap: reason=class_check action=maybe_recompile pc=0x000000000305df94 method=java.util.AbstractList$Itr.hasNext()Z @ 8
Event: 4.803 Thread 0x0000000002a55800 Uncommon trap: reason=class_check action=maybe_recompile pc=0x00000000034887c4 method=java.util.AbstractList$Itr.next()Ljava/lang/Object; @ 14
Event: 5.035 Thread 0x0000000002a55800 Uncommon trap: reason=unstable_if action=reinterpret pc=0x0000000002fbcbec method=java.net.URLStreamHandler.parseURL(Ljava/net/URL;Ljava/lang/String;II)V @ 57
Event: 5.035 Thread 0x0000000002a55800 Uncommon trap: reason=unstable_if action=reinterpret pc=0x000000000306f084 method=java.io.WinNTFileSystem.resolve(Ljava/lang/String;Ljava/lang/String;)Ljava/lang/String; @ 19
Event: 5.323 Thread 0x0000000002a55800 Uncommon trap: reason=class_check action=maybe_recompile pc=0x000000000305df94 method=java.util.AbstractList$Itr.hasNext()Z @ 8
Event: 5.323 Thread 0x0000000002a55800 Uncommon trap: reason=class_check action=maybe_recompile pc=0x00000000034887c4 method=java.util.AbstractList$Itr.next()Ljava/lang/Object; @ 14
Event: 5.325 Thread 0x0000000002a55800 Uncommon trap: reason=class_check action=maybe_recompile pc=0x000000000305df94 method=java.util.AbstractList$Itr.hasNext()Z @ 8
Event: 5.325 Thread 0x0000000002a55800 Uncommon trap: reason=class_check action=maybe_recompile pc=0x00000000034887c4 method=java.util.AbstractList$Itr.next()Ljava/lang/Object; @ 14
Event: 5.405 Thread 0x0000000002a55800 Uncommon trap: reason=unstable_if action=reinterpret pc=0x00000000030b02bc method=java.lang.ClassLoader.getClassLoadingLock(Ljava/lang/String;)Ljava/lang/Object; @ 6
Event: 5.543 Thread 0x0000000002a55800 Uncommon trap: reason=unstable_if action=reinterpret pc=0x00000000035c27d4 method=java.io.DataInputStream.readUTF(Ljava/io/DataInput;)Ljava/lang/String; @ 31

Classes redefined (0 events):
No events

Internal exceptions (10 events):
Event: 4.873 Thread 0x0000000002a55800 Exception <a 'java/lang/ClassNotFoundException': org/springframework/beans/factory/AwareCustomizer> (0x00000000dac46d50) thrown at [C:\re\workspace\8-2-build-windows-amd64-cygwin\jdk8u191\11896\hotspot\src\share\vm\classfile\systemDictionary.cpp, line 210
Event: 4.873 Thread 0x0000000002a55800 Exception <a 'java/lang/ClassNotFoundException': org/springframework/beans/factory/BeanFactoryAwareCustomizer> (0x00000000dac60e48) thrown at [C:\re\workspace\8-2-build-windows-amd64-cygwin\jdk8u191\11896\hotspot\src\share\vm\classfile\systemDictionary.cp
Event: 4.874 Thread 0x0000000002a55800 Exception <a 'java/lang/ClassNotFoundException': org/springframework/beans/factory/AwareCustomizer> (0x00000000dac794f0) thrown at [C:\re\workspace\8-2-build-windows-amd64-cygwin\jdk8u191\11896\hotspot\src\share\vm\classfile\systemDictionary.cpp, line 210
Event: 4.875 Thread 0x0000000002a55800 Exception <a 'java/lang/ClassNotFoundException': org/springframework/beans/factory/BeanNameAwareCustomizer> (0x00000000dac92698) thrown at [C:\re\workspace\8-2-build-windows-amd64-cygwin\jdk8u191\11896\hotspot\src\share\vm\classfile\systemDictionary.cpp, 
Event: 4.875 Thread 0x0000000002a55800 Exception <a 'java/lang/ClassNotFoundException': org/springframework/beans/factory/AwareCustomizer> (0x00000000dacaa838) thrown at [C:\re\workspace\8-2-build-windows-amd64-cygwin\jdk8u191\11896\hotspot\src\share\vm\classfile\systemDictionary.cpp, line 210
Event: 4.876 Thread 0x0000000002a55800 Exception <a 'java/lang/ClassNotFoundException': org/springframework/beans/factory/InitializingBeanCustomizer> (0x00000000dacc4928) thrown at [C:\re\workspace\8-2-build-windows-amd64-cygwin\jdk8u191\11896\hotspot\src\share\vm\classfile\systemDictionary.cp
Event: 4.877 Thread 0x0000000002a55800 Exception <a 'java/lang/ClassNotFoundException': org/springframework/beans/factory/DisposableBeanCustomizer> (0x00000000dacde340) thrown at [C:\re\workspace\8-2-build-windows-amd64-cygwin\jdk8u191\11896\hotspot\src\share\vm\classfile\systemDictionary.cpp,
Event: 4.877 Thread 0x0000000002a55800 Exception <a 'java/lang/ClassNotFoundException': org/springframework/orm/jpa/EntityManagerFactoryInfoCustomizer> (0x00000000dacf9718) thrown at [C:\re\workspace\8-2-build-windows-amd64-cygwin\jdk8u191\11896\hotspot\src\share\vm\classfile\systemDictionary.
Event: 4.878 Thread 0x0000000002a55800 Exception <a 'java/lang/ClassNotFoundException': org/springframework/dao/support/PersistenceExceptionTranslatorCustomizer> (0x00000000dad239a0) thrown at [C:\re\workspace\8-2-build-windows-amd64-cygwin\jdk8u191\11896\hotspot\src\share\vm\classfile\systemD
Event: 6.232 Thread 0x0000000002a55800 Exception <a 'java/lang/NoSuchMethodError': java.lang.Object.lambda$andThen$1(Ljava/util/function/Function;Ljava/lang/Object;)Ljava/lang/Object;> (0x00000000d9ed90b8) thrown at [C:\re\workspace\8-2-build-windows-amd64-cygwin\jdk8u191\11896\hotspot\src\sha

Events (10 events):
Event: 6.503 loading class net/bytebuddy/description/method/MethodDescription$Latent$TypeInitializer
Event: 6.503 loading class net/bytebuddy/description/method/MethodDescription$Latent$TypeInitializer done
Event: 6.504 loading class net/bytebuddy/dynamic/scaffold/MethodRegistry$Default$Prepared
Event: 6.504 loading class net/bytebuddy/dynamic/scaffold/MethodRegistry$Default$Prepared done
Event: 6.505 loading class net/bytebuddy/dynamic/scaffold/MethodRegistry$Compiled
Event: 6.505 loading class net/bytebuddy/dynamic/scaffold/MethodRegistry$Compiled done
Event: 6.506 loading class net/bytebuddy/dynamic/scaffold/TypeWriter$MethodPool
Event: 6.506 loading class net/bytebuddy/dynamic/scaffold/TypeWriter$MethodPool done
Event: 6.506 loading class net/bytebuddy/dynamic/scaffold/subclass/SubclassImplementationTarget$Factory
Event: 6.506 loading class net/bytebuddy/dynamic/scaffold/subclass/SubclassImplementationTarget$Factory done


Dynamic libraries:
0x00007ff6e2ae0000 - 0x00007ff6e2b17000 	C:\Program Files\Java\jre1.8.0_191\bin\javaw.exe
0x00007ffd74730000 - 0x00007ffd7491d000 	C:\Windows\SYSTEM32\ntdll.dll
0x00007ffd730a0000 - 0x00007ffd73153000 	C:\Windows\System32\KERNEL32.DLL
0x00007ffd71310000 - 0x00007ffd715a3000 	C:\Windows\System32\KERNELBASE.dll
0x0000000066c20000 - 0x0000000066cb5000 	C:\Windows\System32\SYSFER.DLL
0x00007ffd71d00000 - 0x00007ffd71da3000 	C:\Windows\System32\ADVAPI32.dll
0x00007ffd71db0000 - 0x00007ffd71e4e000 	C:\Windows\System32\msvcrt.dll
0x00007ffd72e40000 - 0x00007ffd72ede000 	C:\Windows\System32\sechost.dll
0x00007ffd71fa0000 - 0x00007ffd720c2000 	C:\Windows\System32\RPCRT4.dll
0x00007ffd72190000 - 0x00007ffd72327000 	C:\Windows\System32\USER32.dll
0x00007ffd71940000 - 0x00007ffd71960000 	C:\Windows\System32\win32u.dll
0x00007ffd72930000 - 0x00007ffd72959000 	C:\Windows\System32\GDI32.dll
0x00007ffd715b0000 - 0x00007ffd7174a000 	C:\Windows\System32\gdi32full.dll
0x00007ffd71750000 - 0x00007ffd717f0000 	C:\Windows\System32\msvcp_win.dll
0x00007ffd717f0000 - 0x00007ffd718ec000 	C:\Windows\System32\ucrtbase.dll
0x00007ffd62c60000 - 0x00007ffd62ed9000 	C:\Windows\WinSxS\amd64_microsoft.windows.common-controls_6595b64144ccf1df_6.0.17763.253_none_05b2388e0721fece\COMCTL32.dll
0x00007ffd72510000 - 0x00007ffd7283d000 	C:\Windows\System32\combase.dll
0x00007ffd71230000 - 0x00007ffd712ae000 	C:\Windows\System32\bcryptPrimitives.dll
0x00007ffd71b50000 - 0x00007ffd71b7e000 	C:\Windows\System32\IMM32.DLL
0x0000000064fa0000 - 0x0000000065072000 	C:\Program Files\Java\jre1.8.0_191\bin\msvcr100.dll
0x0000000065080000 - 0x0000000065924000 	C:\Program Files\Java\jre1.8.0_191\bin\server\jvm.dll
0x00007ffd73090000 - 0x00007ffd73098000 	C:\Windows\System32\PSAPI.DLL
0x00007ffd66680000 - 0x00007ffd66689000 	C:\Windows\SYSTEM32\WSOCK32.dll
0x00007ffd728c0000 - 0x00007ffd7292d000 	C:\Windows\System32\WS2_32.dll
0x00007ffd6d310000 - 0x00007ffd6d334000 	C:\Windows\SYSTEM32\WINMM.dll
0x00007ffd67f50000 - 0x00007ffd67f5a000 	C:\Windows\SYSTEM32\VERSION.dll
0x00007ffd6d2e0000 - 0x00007ffd6d30d000 	C:\Windows\SYSTEM32\WINMMBASE.dll
0x00007ffd718f0000 - 0x00007ffd7193a000 	C:\Windows\System32\cfgmgr32.dll
0x0000000065c50000 - 0x0000000065c5f000 	C:\Program Files\Java\jre1.8.0_191\bin\verify.dll
0x0000000065c20000 - 0x0000000065c49000 	C:\Program Files\Java\jre1.8.0_191\bin\java.dll
0x0000000065c00000 - 0x0000000065c16000 	C:\Program Files\Java\jre1.8.0_191\bin\zip.dll
0x00007ffd73160000 - 0x00007ffd7464f000 	C:\Windows\System32\SHELL32.dll
0x00007ffd720e0000 - 0x00007ffd72188000 	C:\Windows\System32\shcore.dll
0x00007ffd70ae0000 - 0x00007ffd7122a000 	C:\Windows\System32\windows.storage.dll
0x00007ffd70750000 - 0x00007ffd70774000 	C:\Windows\System32\profapi.dll
0x00007ffd70780000 - 0x00007ffd707dd000 	C:\Windows\System32\powrprof.dll
0x00007ffd71960000 - 0x00007ffd719b2000 	C:\Windows\System32\shlwapi.dll
0x00007ffd70730000 - 0x00007ffd70741000 	C:\Windows\System32\kernel.appcore.dll
0x00007ffd70800000 - 0x00007ffd70817000 	C:\Windows\System32\cryptsp.dll
0x0000000065be0000 - 0x0000000065bfa000 	C:\Program Files\Java\jre1.8.0_191\bin\net.dll
0x00007ffd6ffc0000 - 0x00007ffd70027000 	C:\Windows\system32\mswsock.dll
0x0000000065bc0000 - 0x0000000065bd1000 	C:\Program Files\Java\jre1.8.0_191\bin\nio.dll
0x0000000065b80000 - 0x0000000065b8d000 	C:\Program Files\Java\jre1.8.0_191\bin\management.dll
0x00007ffd623c0000 - 0x00007ffd623d6000 	C:\Windows\system32\napinsp.dll
0x00007ffd62230000 - 0x00007ffd6224a000 	C:\Windows\system32\pnrpnsp.dll
0x00007ffd6fd70000 - 0x00007ffd6fe36000 	C:\Windows\SYSTEM32\DNSAPI.dll
0x00007ffd720d0000 - 0x00007ffd720d8000 	C:\Windows\System32\NSI.dll
0x00007ffd6fd20000 - 0x00007ffd6fd5d000 	C:\Windows\SYSTEM32\IPHLPAPI.DLL
0x00007ffd6d530000 - 0x00007ffd6d53e000 	C:\Windows\System32\winrnr.dll
0x00007ffd6d450000 - 0x00007ffd6d46b000 	C:\Windows\system32\NLAapi.dll
0x00007ffd58080000 - 0x00007ffd58095000 	C:\Windows\system32\wshbth.dll
0x00007ffd664e0000 - 0x00007ffd664ea000 	C:\Windows\System32\rasadhlp.dll
0x00007ffd66510000 - 0x00007ffd66589000 	C:\Windows\System32\fwpuclnt.dll
0x00007ffd70ab0000 - 0x00007ffd70ad6000 	C:\Windows\System32\bcrypt.dll
0x0000000065b90000 - 0x0000000065bb4000 	C:\Program Files\Java\jre1.8.0_191\bin\sunec.dll
0x00007ffd684d0000 - 0x00007ffd684e6000 	C:\Windows\SYSTEM32\dhcpcsvc6.DLL
0x00007ffd684b0000 - 0x00007ffd684cc000 	C:\Windows\SYSTEM32\dhcpcsvc.DLL
0x00007ffd6fb80000 - 0x00007ffd6fbb3000 	C:\Windows\system32\rsaenh.dll
0x00007ffd70630000 - 0x00007ffd70658000 	C:\Windows\SYSTEM32\USERENV.dll
0x00007ffd70190000 - 0x00007ffd7019c000 	C:\Windows\SYSTEM32\CRYPTBASE.dll

VM Arguments:
jvm_args: -ea -Dfile.encoding=UTF-8 
java_command: org.eclipse.jdt.internal.junit.runner.RemoteTestRunner -version 3 -port 60415 -testLoaderClass org.eclipse.jdt.internal.junit4.runner.JUnit4TestLoader -loaderpluginname org.eclipse.jdt.junit4.runtime -test com.lti.BusReservationApplicationTests:BusTimetableSearch
java_class_path (initial): C:\Users\AE205_PC16\Desktop\Workspace\Bus-Reservation\target\test-classes;C:\Users\AE205_PC16\Desktop\Workspace\Bus-Reservation\target\classes;C:\Users\AE205_PC16\.m2\repository\com\oracle\ojdbc8\12.2.0.1\ojdbc8-12.2.0.1.jar;C:\Users\AE205_PC16\.m2\repository\org\springframework\boot\spring-boot-starter-data-jpa\2.1.6.RELEASE\spring-boot-starter-data-jpa-2.1.6.RELEASE.jar;C:\Users\AE205_PC16\.m2\repository\org\springframework\boot\spring-boot-starter-aop\2.1.6.RELEASE\spring-boot-starter-aop-2.1.6.RELEASE.jar;C:\Users\AE205_PC16\.m2\repository\org\springframework\spring-aop\5.1.8.RELEASE\spring-aop-5.1.8.RELEASE.jar;C:\Users\AE205_PC16\.m2\repository\org\aspectj\aspectjweaver\1.9.4\aspectjweaver-1.9.4.jar;C:\Users\AE205_PC16\.m2\repository\org\springframework\boot\spring-boot-starter-jdbc\2.1.6.RELEASE\spring-boot-starter-jdbc-2.1.6.RELEASE.jar;C:\Users\AE205_PC16\.m2\repository\com\zaxxer\HikariCP\3.2.0\HikariCP-3.2.0.jar;C:\Users\AE205_PC16\.m2\repository\org\springframework\spring-jdbc\5.1.8.RELEASE\spring-jdbc-5.1.8.RELEASE.jar;C:\Users\AE205_PC16\.m2\repository\javax\transaction\javax.transaction-api\1.3\javax.transaction-api-1.3.jar;C:\Users\AE205_PC16\.m2\repository\javax\xml\bind\jaxb-api\2.3.1\jaxb-api-2.3.1.jar;C:\Users\AE205_PC16\.m2\repository\javax\activation\javax.activation-api\1.2.0\javax.activation-api-1.2.0.jar;C:\Users\AE205_PC16\.m2\repository\org\hibernate\hibernate-core\5.3.10.Final\hibernate-core-5.3.10.Final.jar;C:\Users\AE205_PC16\.m2\repository\org\jboss\logging\jboss-logging\3.3.2.Final\jboss-logging-3.3.2.Final.jar;C:\Users\AE205_PC16\.m2\repository\javax\persistence\javax.persistence-api\2.2\javax.persistence-api-2.2.jar;C:\Users\AE205_PC16\.m2\repository\org\javassist\javassist\3.23.2-GA\javassist-3.23.2-GA.jar;C:\Users\AE205_PC16\.m2\repository\net\bytebuddy\byte-buddy\1.9.13\byte-buddy-1.9.13.jar;C:\Users\AE205_PC16\.m2\repository\antlr\antlr\2.7.7\antlr-2.7.7.jar;C:\Users\AE205_PC16\.m2\repository\org\jbo
Launcher Type: SUN_STANDARD

Environment Variables:
PATH=C:/Program Files/Java/jre1.8.0_191/bin/server;C:/Program Files/Java/jre1.8.0_191/bin;C:/Program Files/Java/jre1.8.0_191/lib/amd64;C:\Users\AE205_PC16\app\oracle\product\10.2.0\server\bin;C:\Program Files\Common Files\Microsoft Shared\Microsoft Online Services;C:\Program Files (x86)\Common Files\Microsoft Shared\Microsoft Online Services;C:\Program Files (x86)\Common Files\Oracle\Java\javapath;C:\Windows\system32;C:\Windows;C:\Windows\System32\Wbem;C:\Windows\System32\WindowsPowerShell\v1.0\;C:\Windows\System32\OpenSSH\;C:\Program Files\TortoiseSVN\bin;D:\apache-maven-3.6.1-bin\apache-maven-3.6.1\bin;D:\jdk\jdk1.8.0_201\bin;C:\Users\AE205_PC16\AppData\Local\Microsoft\WindowsApps;;D:\sts-4.3.0.RELEASE;
USERNAME=AE205_PC16
OS=Windows_NT
PROCESSOR_IDENTIFIER=Intel64 Family 6 Model 60 Stepping 3, GenuineIntel



---------------  S Y S T E M  ---------------

OS: Windows 10.0 , 64 bit Build 17763 (10.0.17763.1)

CPU:total 4 (initial active 4) (2 cores per cpu, 2 threads per core) family 6 model 60 stepping 3, cmov, cx8, fxsr, mmx, sse, sse2, sse3, ssse3, sse4.1, sse4.2, popcnt, avx, avx2, aes, clmul, erms, lzcnt, ht, tsc, tscinvbit, bmi1, bmi2

Memory: 4k page, physical 8305184k(1240636k free), swap 33471008k(3392k free)

vm_info: Java HotSpot(TM) 64-Bit Server VM (25.191-b12) for windows-amd64 JRE (1.8.0_191-b12), built on Oct  6 2018 09:29:03 by "java_re" with MS VC++ 10.0 (VS2010)

time: Sun Jul 21 12:28:58 2019
elapsed time: 6 seconds (0d 0h 0m 6s)

